app/build/intermediates/manifest_merge_blame_file/debug/manifest-merger-blame-debug-report.txt
1<?xml version="1.0" encoding="utf-8"?>
2<manifest xmlns:android="http://schemas.android.com/apk/res/android"
3    package="com.bignerdranch.android.sc"
4    android:versionCode="1"
5    android:versionName="1.0" >
6
7    <uses-sdk
8        android:minSdkVersion="19"
8-->src\main\AndroidManifest.xml
9        android:targetSdkVersion="30" />
9-->src\main\AndroidManifest.xml
10
11    <uses-permission android:name="android.permission.INTERNET" />
11-->src\main\AndroidManifest.xml:5:5-66
11-->src\main\AndroidManifest.xml:5:22-64
12    <uses-permission android:name="android.permission.CAMERA" />
12-->src\main\AndroidManifest.xml:6:5-65
12-->src\main\AndroidManifest.xml:6:22-62
13    <uses-permission android:name="android.permission.READ_EXTERNAL_STORAGE" />
13-->src\main\AndroidManifest.xml:7:5-96
13-->src\main\AndroidManifest.xml:7:22-77
14    <uses-permission android:name="android.permission.WRITE_EXTERNAL_STORAGE" />
14-->src\main\AndroidManifest.xml:8:5-97
14-->src\main\AndroidManifest.xml:8:22-78
15    <uses-permission android:name="android.permission.MOUNT_UNMOUNT_FILESYSTEMS" />
15-->src\main\AndroidManifest.xml:9:5-10:47
15-->src\main\AndroidManifest.xml:9:22-81
16    <uses-permission android:name="android.permission.INTERNET" />
16-->src\main\AndroidManifest.xml:5:5-66
16-->src\main\AndroidManifest.xml:5:22-64
17
18    <application
18-->src\main\AndroidManifest.xml:12:5-41:19
19        android:allowBackup="true"
19-->src\main\AndroidManifest.xml:13:9-35
20        android:appComponentFactory="androidx.core.app.CoreComponentFactory"
20-->[androidx.core:core:1.3.1] AndroidManifest.xml:24:18-86
21        android:debuggable="true"
22        android:icon="@mipmap/ic_launcher"
22-->src\main\AndroidManifest.xml:14:9-43
23        android:label="@string/app_name"
23-->src\main\AndroidManifest.xml:15:9-41
24        android:requestLegacyExternalStorage="true"
24-->src\main\AndroidManifest.xml:16:9-52
25        android:roundIcon="@mipmap/ic_launcher_round"
25-->src\main\AndroidManifest.xml:17:9-54
26        android:supportsRtl="true"
26-->src\main\AndroidManifest.xml:18:9-35
27        android:theme="@style/Theme.SC"
27-->src\main\AndroidManifest.xml:22:5-36
28        android:usesCleartextTraffic="true" >
28-->src\main\AndroidManifest.xml:19:9-44
29        <activity android:name="com.bignerdranch.android.sc.login.LoginActivity" >
29-->src\main\AndroidManifest.xml:24:9-29:20
29-->src\main\AndroidManifest.xml:24:19-54
30            <intent-filter>
30-->src\main\AndroidManifest.xml:25:13-28:29
31                <action android:name="android.intent.action.MAIN" />
31-->src\main\AndroidManifest.xml:26:17-69
31-->src\main\AndroidManifest.xml:26:25-66
32
33                <category android:name="android.intent.category.LAUNCHER" />
33-->src\main\AndroidManifest.xml:27:17-77
33-->src\main\AndroidManifest.xml:27:27-74
34            </intent-filter>
35        </activity>
36        <activity android:name="com.bignerdranch.android.sc.clockpage.ClockActivity" />
36-->src\main\AndroidManifest.xml:30:9-70
36-->src\main\AndroidManifest.xml:30:19-58
37        <activity android:name="com.bignerdranch.android.sc.label.LabelPagerActivity" />
37-->src\main\AndroidManifest.xml:31:9-71
37-->src\main\AndroidManifest.xml:31:19-59
38        <activity android:name="com.bignerdranch.android.sc.settings.SettingPageActivity" />
38-->src\main\AndroidManifest.xml:32:9-75
38-->src\main\AndroidManifest.xml:32:19-63
39        <activity android:name="com.bignerdranch.android.sc.settings.CourseActivity" />
39-->src\main\AndroidManifest.xml:33:9-70
39-->src\main\AndroidManifest.xml:33:19-58
40        <activity android:name="com.bignerdranch.android.sc.settings.BackgroundActivity" />
40-->src\main\AndroidManifest.xml:34:9-74
40-->src\main\AndroidManifest.xml:34:19-62
41        <activity android:name="com.bignerdranch.android.sc.settings.CoinFunctionActivity" />
41-->src\main\AndroidManifest.xml:35:9-76
41-->src\main\AndroidManifest.xml:35:19-64
42        <activity android:name="com.bignerdranch.android.sc.settings.PrivateActivity" />
42-->src\main\AndroidManifest.xml:36:9-71
42-->src\main\AndroidManifest.xml:36:19-59
43        <activity android:name="com.bignerdranch.android.sc.user.RankQueryActivity" />
43-->src\main\AndroidManifest.xml:37:9-69
43-->src\main\AndroidManifest.xml:37:19-57
44        <activity android:name="com.bignerdranch.android.sc.user.MonthReportActivity" />
44-->src\main\AndroidManifest.xml:38:9-71
44-->src\main\AndroidManifest.xml:38:19-59
45        <activity android:name="com.bignerdranch.android.sc.user.CoinQueryActivity" />
45-->src\main\AndroidManifest.xml:39:9-69
45-->src\main\AndroidManifest.xml:39:19-57
46        <activity android:name="com.bignerdranch.android.sc.user.UserActivity" />
46-->src\main\AndroidManifest.xml:40:9-64
46-->src\main\AndroidManifest.xml:40:19-52
47    </application>
48
49</manifest>